Removed world/data/capabilities.dat: not used
Removed world/DIM-1/data/raids.dat: not used
Removed world/entities/r.-1.1.mca: 0 size
Removed world/entities/r.-2.1.mca: 0 size
Removed world/entities/r.-3.-1.mca: 0 size
Removed world/entities/r.-3.0.mca: 0 size
Removed world/entities/r.0.1.mca: 0 size
Removed world/entities/r.1.-1.mca: 0 size
Removed world/entities/r.1.0.mca: 0 size
Removed world/entities/r.1.1.mca: 0 size
Removed world/entities/r.16.-1.mca: 0 size
Removed world/entities/r.16.0.mca: 0 size
Removed world/entities/r.2.-1.mca: 0 size
Removed world/entities/r.2.0.mca: 0 size
Removed world/entities/r.2.1.mca: 0 size
Removed world/entities/r.20.-1.mca: 0 size
Removed world/entities/r.21.-1.mca: 0 size
Removed world/entities/r.21.0.mca: 0 size
Removed world/entities/r.25.-1.mca: 0 size
Removed world/entities/r.25.0.mca: 0 size
Removed world/entities/r.26.-1.mca: 0 size
Removed world/entities/r.26.0.mca: 0 size
Removed world/entities/r.26.1.mca: 0 size
Removed world/entities/r.27.-1.mca: 0 size
Removed world/entities/r.27.0.mca: 0 size
Removed world/entities/r.27.1.mca: 0 size
Removed world/entities/r.28.-1.mca: 0 size
Removed world/entities/r.28.-2.mca: 0 size
Removed world/entities/r.28.0.mca: 0 size
Removed world/entities/r.28.1.mca: 0 size
Removed world/entities/r.29.-2.mca: 0 size
Removed world/entities/r.29.1.mca: 0 size
Removed world/entities/r.3.1.mca: 0 size
Removed world/entities/r.30.-1.mca: 0 size
Removed world/entities/r.30.-2.mca: 0 size
Removed world/entities/r.30.0.mca: 0 size
Removed world/entities/r.30.1.mca: 0 size
Removed world/entities/r.31.-2.mca: 0 size
Removed world/entities/r.31.1.mca: 0 size
Removed world/entities/r.32.-1.mca: 0 size
Removed world/entities/r.32.-2.mca: 0 size
Removed world/entities/r.32.0.mca: 0 size
Removed world/entities/r.32.1.mca: 0 size
Removed world/entities/r.4.-1.mca: 0 size
Removed world/entities/r.4.0.mca: 0 size
Removed world/entities/r.4.1.mca: 0 size
Removed world/entities/r.6.-1.mca: 0 size
Removed world/entities/r.6.0.mca: 0 size
Removed world/playerdata/15ffbd08-71fd-4f3e-8b6a-a8bf1c14ffe2.dat_old: not used
Removed world/playerdata/47e58269-57eb-4bd3-9c59-b431fd6a4d5b.dat_old: not used
Removed world/playerdata/4fcf5c9e-2a2d-419e-b841-bfa11d981b5c.dat_old: not used
Removed world/playerdata/55b76905-daa0-4e3a-b948-a9aae1e9c748.dat_old: not used
Removed world/playerdata/5740e3d4-0a46-4b51-9331-6dd5f4b76b20.dat_old: not used
Removed world/playerdata/61c32a8b-232a-4902-a0a8-78016d4dfec8.dat_old: not used
Removed world/playerdata/84261282-d1cb-40b2-aa85-3ddc48cb4076.dat_old: not used
Removed world/playerdata/945f36b9-6e5f-4f5f-b7ed-0bd6136ca51b.dat_old: not used
Removed world/playerdata/a1ccabb3-08f6-4bcb-a063-112c78baeb43.dat_old: not used
Removed world/playerdata/a66317d8-b1de-413e-bbf3-2d8e0f6c57b6.dat_old: not used
Removed world/playerdata/aa50c461-ddcb-4906-9300-d65642cc4751.dat_old: not used
Removed world/playerdata/ce68f949-8587-4021-a673-d26dbd9819a5.dat_old: not used
Removed world/playerdata/e5af7b3c-72e4-4860-9c85-d8304b81d17c.dat_old: not used
Removed world/poi/r.-1.1.mca: 0 size
Removed world/poi/r.-2.1.mca: 0 size
Removed world/poi/r.-3.-1.mca: 0 size
Removed world/poi/r.-3.0.mca: 0 size
Removed world/poi/r.0.1.mca: 0 size
Removed world/poi/r.1.-1.mca: 0 size
Removed world/poi/r.1.0.mca: 0 size
Removed world/poi/r.15.-1.mca: 0 size
Removed world/poi/r.15.0.mca: 0 size
Removed world/poi/r.17.-1.mca: 0 size
Removed world/poi/r.17.0.mca: 0 size
Removed world/poi/r.19.-1.mca: 0 size
Removed world/poi/r.19.0.mca: 0 size
Removed world/poi/r.2.-1.mca: 0 size
Removed world/poi/r.2.0.mca: 0 size
Removed world/poi/r.21.-1.mca: 0 size
Removed world/poi/r.21.0.mca: 0 size
Removed world/poi/r.23.-1.mca: 0 size
Removed world/poi/r.23.0.mca: 0 size
Removed world/poi/r.26.0.mca: 0 size
Removed world/poi/r.28.-1.mca: 0 size
Removed world/poi/r.29.-1.mca: 0 size
Removed world/poi/r.29.0.mca: 0 size
Removed world/poi/r.30.-1.mca: 0 size
Removed world/poi/r.30.0.mca: 0 size
Removed world/poi/r.4.-1.mca: 0 size
Removed world/poi/r.4.0.mca: 0 size
Removed world/serverconfig/forge-server.toml: not used
Removed world/uid.dat: not used
Removed world/world_properties.StickyPiston: not used
Validated 2058 files, 1967 accepted, 91 rejected.
